2023/10/27 15:13:43 Action: Switching to branch: log feature
2023/10/27 15:13:53 Action: Switching to branch: log
2023/10/27 15:13:53 Action: Adding changes to the commit
2023/10/27 15:13:53 Action: Committing changes with message: chore: No significant changes


2023/10/27 15:13:54 Action: Pushing changes to branch: log
2023/10/27 15:27:01 Action: Switching to branch: issueNumber
2023/10/27 15:27:01 Action: Adding changes to the commit
2023/10/27 15:27:01 Action: Committing changes with message: chore: No significant changes


2023/10/27 15:27:01 Action: Pushing changes to branch: issueNumber
2023/10/27 15:40:39 Action: Switching to branch: debanjan
2023/10/27 15:40:39 Action: Adding changes to the commit
2023/10/27 15:40:39 Action: Committing changes with message: chore: No significant changes


2023/10/27 15:40:40 Action: Running automated tests
2023/10/27 15:40:52 Action: Pushing changes to branch: debanjan
2023/10/27 19:42:22 Action: Switching to branch: log
2023/10/27 19:42:35 Action: Switching to branch: logflow
2023/10/27 19:42:36 Action: Adding changes to the commit
2023/10/27 19:42:36 Action: Committing changes with message: chore: No significant changes


2023/10/27 19:42:36 Action: Running automated tests
2023/10/27 19:42:40 Action: Pushing changes to branch: logflow
